<?xml version="1.0" encoding="UTF-8"?>
<!-- Generated by org.testng.reporters.JUnitXMLReporter -->
<testsuite ignored="0" hostname="IN-BAV-L0832" failures="1" tests="3" name="Sprint1" time="0.075" errors="0" timestamp="2021-02-17T18:43:40 IST">
  <testcase classname="TestNGclasses.TestCase1" name="test1" time="0.012"/>
  <testcase classname="TestNGclasses.TestCase2" name="test2" time="0.004"/>
  <testcase classname="TestNGclasses.TestCase3" name="test3" time="0.006">
    <failure type="java.lang.AssertionError" message="expected [true] but found [false]">
      <![CDATA[java.lang.AssertionError: expected [true] but found [false]
at TestNGclasses.TestCase3.test3(TestCase3.java:9)
at java.base/java.util.ArrayList.forEach(ArrayList.java:1507)
... Removed 31 stack frames]]>
    </failure>
  </testcase> <!-- test3 -->
</testsuite> <!-- Sprint1 -->
